Build started 5/21/2014 11:17:53 AM.
     1>Project "Z:\OpenCL\Particles - Copy\Particles.vcxproj" on node 2 (build target(s)).
     1>InitializeBuildStatus:
         Creating "Debug\Particles.unsuccessfulbuild" because "AlwaysCreate" was specified.
       ClCompile:
         c:\Program Files (x86)\Microsoft Visual Studio 10.0\VC\bin\CL.exe /c /ZI /nologo /W3 /WX- /Od /Oy- /D WIN32 /D _DEBUG /D _CONSOLE /D _UNICODE /D UNICODE /Gm /EHsc /RTC1 /MTd /GS /fp:precise /Zc:wchar_t /Zc:forScope /openmp /Fo"Debug\\" /Fd"Debug\vc100.pdb" /Gd /TP /analyze- /errorReport:prompt particles.cpp
         particles.cpp
       ManifestResourceCompile:
         C:\Program Files (x86)\Microsoft SDKs\Windows\v7.0A\bin\rc.exe /nologo /fo"Debug\Particles.exe.embed.manifest.res" Debug\Particles_manifest.rc 
       Link:
         c:\Program Files (x86)\Microsoft Visual Studio 10.0\VC\bin\link.exe /ERRORREPORT:PROMPT /OUT:"Z:\OpenCL\Particles - Copy\Debug\Particles.exe" /INCREMENTAL /NOLOGO glew32.lib glui32.lib glut32.lib glu32.lib opengl32.lib OpenCL32.lib kernel32.lib user32.lib gdi32.lib winspool.lib comdlg32.lib advapi32.lib shell32.lib ole32.lib oleaut32.lib uuid.lib odbc32.lib odbccp32.lib /MANIFEST /ManifestFile:"Debug\Particles.exe.intermediate.manifest" /MANIFESTUAC:"level='asInvoker' uiAccess='false'" /DEBUG /PDB:"Z:\OpenCL\Particles - Copy\Debug\Particles.pdb" /SUBSYSTEM:CONSOLE /TLBID:1 /DYNAMICBASE /NXCOMPAT /IMPLIB:"Z:\OpenCL\Particles - Copy\Debug\Particles.lib" /MACHINE:X86 Debug\Particles.exe.embed.manifest.res
         Debug\particles.obj
       Manifest:
         C:\Program Files (x86)\Microsoft SDKs\Windows\v7.0A\bin\mt.exe /nologo /verbose /out:"Debug\Particles.exe.embed.manifest" /manifest Debug\Particles.exe.intermediate.manifest
         C:\Program Files (x86)\Microsoft SDKs\Windows\v7.0A\bin\rc.exe /nologo /fo"Debug\Particles.exe.embed.manifest.res" Debug\Particles_manifest.rc 
       LinkEmbedManifest:
         c:\Program Files (x86)\Microsoft Visual Studio 10.0\VC\bin\link.exe /ERRORREPORT:PROMPT /OUT:"Z:\OpenCL\Particles - Copy\Debug\Particles.exe" /INCREMENTAL /NOLOGO glew32.lib glui32.lib glut32.lib glu32.lib opengl32.lib OpenCL32.lib kernel32.lib user32.lib gdi32.lib winspool.lib comdlg32.lib advapi32.lib shell32.lib ole32.lib oleaut32.lib uuid.lib odbc32.lib odbccp32.lib /MANIFEST /ManifestFile:"Debug\Particles.exe.intermediate.manifest" /MANIFESTUAC:"level='asInvoker' uiAccess='false'" /DEBUG /PDB:"Z:\OpenCL\Particles - Copy\Debug\Particles.pdb" /SUBSYSTEM:CONSOLE /TLBID:1 /DYNAMICBASE /NXCOMPAT /IMPLIB:"Z:\OpenCL\Particles - Copy\Debug\Particles.lib" /MACHINE:X86 Debug\Particles.exe.embed.manifest.res
         Debug\particles.obj
         Particles.vcxproj -> Z:\OpenCL\Particles - Copy\Debug\Particles.exe
       FinalizeBuildStatus:
         Deleting file "Debug\Particles.unsuccessfulbuild".
         Touching "Debug\Particles.lastbuildstate".
     1>Done Building Project "Z:\OpenCL\Particles - Copy\Particles.vcxproj" (build target(s)).

Build succeeded.

Time Elapsed 00:00:04.85
